# JRE version: OpenJDK Runtime Environment Zulu15.42+15-CA (15.0.8+4) (build 15.0.8+4-MTS)
# Java VM: OpenJDK 64-Bit Server VM Zulu15.42+15-CA (15.0.8+4-MTS, mixed mode, tiered, compressed oops, g1 gc, bsd-aarch64)
GC Precious Log:
 CPUs: 10 total, 10 available
 Memory: 32768M
 Large Page Support: Disabled
 NUMA Support: Disabled
 Compressed Oops: Enabled (Zero based)
 Heap Region Size: 4M
 Heap Min Capacity: 8M
 Heap Initial Capacity: 512M
 Heap Max Capacity: 8G
 Pre-touch: Disabled
 Parallel Workers: 9
 Concurrent Workers: 2
 Concurrent Refinement Workers: 9
 Periodic GC: Disabled
Heap:
 garbage-first heap   total 45056K, used 17823K [0x00000005c0000000, 0x00000007c0000000)
  region size 4096K, 3 young (12288K), 1 survivors (4096K)
 Metaspace       used 41815K, capacity 42400K, committed 42560K, reserved 1087488K
  class space    used 4301K, capacity 4526K, committed 4544K, reserved 1048576K
GC Heap History (20 events):
Event: 0.767 GC heap before
{Heap before GC invocations=0 (full 0):
 garbage-first heap   total 524288K, used 20480K [0x00000005c0000000, 0x00000007c0000000)
  region size 4096K, 6 young (24576K), 0 survivors (0K)
 Metaspace       used 12435K, capacity 12634K, committed 12800K, reserved 1060864K
  class space    used 1134K, capacity 1200K, committed 1280K, reserved 1048576K
}
Event: 0.769 GC heap after
{Heap after GC invocations=1 (full 0):
 garbage-first heap   total 524288K, used 3661K [0x00000005c0000000, 0x00000007c0000000)
  region size 4096K, 1 young (4096K), 1 survivors (4096K)
 Metaspace       used 12435K, capacity 12634K, committed 12800K, reserved 1060864K
  class space    used 1134K, capacity 1200K, committed 1280K, reserved 1048576K
}
Event: 0.917 GC heap before
{Heap before GC invocations=1 (full 0):
 garbage-first heap   total 524288K, used 24141K [0x00000005c0000000, 0x00000007c0000000)
  region size 4096K, 7 young (28672K), 1 survivors (4096K)
 Metaspace       used 18572K, capacity 18816K, committed 19072K, reserved 1067008K
  class space    used 1746K, capacity 1831K, committed 1920K, reserved 1048576K
}
Event: 0.919 GC heap after
{Heap after GC invocations=2 (full 0):
 garbage-first heap   total 524288K, used 4591K [0x00000005c0000000, 0x00000007c0000000)
  region size 4096K, 1 young (4096K), 1 survivors (4096K)
 Metaspace       used 18572K, capacity 18816K, committed 19072K, reserved 1067008K
  class space    used 1746K, capacity 1831K, committed 1920K, reserved 1048576K
}
Event: 1.019 GC heap before
{Heap before GC invocations=2 (full 0):
 garbage-first heap   total 524288K, used 12783K [0x00000005c0000000, 0x00000007c0000000)
  region size 4096K, 4 young (16384K), 1 survivors (4096K)
 Metaspace       used 20823K, capacity 21119K, committed 21296K, reserved 1069056K
  class space    used 2067K, capacity 2172K, committed 2176K, reserved 1048576K
}
Event: 1.021 GC heap after
{Heap after GC invocations=3 (full 0):
 garbage-first heap   total 524288K, used 4834K [0x00000005c0000000, 0x00000007c0000000)
  region size 4096K, 1 young (4096K), 1 survivors (4096K)
 Metaspace       used 20823K, capacity 21119K, committed 21296K, reserved 1069056K
  class space    used 2067K, capacity 2172K, committed 2176K, reserved 1048576K
}
Event: 1.217 GC heap before
{Heap before GC invocations=4 (full 0):
 garbage-first heap   total 40960K, used 37602K [0x00000005c0000000, 0x00000007c0000000)
  region size 4096K, 9 young (36864K), 1 survivors (4096K)
 Metaspace       used 26390K, capacity 26688K, committed 27056K, reserved 1073152K
  class space    used 2694K, capacity 2808K, committed 2816K, reserved 1048576K
}
Event: 1.218 GC heap after
{Heap after GC invocations=5 (full 0):
 garbage-first heap   total 45056K, used 5993K [0x00000005c0000000, 0x00000007c0000000)
  region size 4096K, 1 young (4096K), 1 survivors (4096K)
 Metaspace       used 26390K, capacity 26688K, committed 27056K, reserved 1073152K
  class space    used 2694K, capacity 2808K, committed 2816K, reserved 1048576K
}
Event: 1.296 GC heap before
{Heap before GC invocations=5 (full 0):
 garbage-first heap   total 45056K, used 22377K [0x00000005c0000000, 0x00000007c0000000)
  region size 4096K, 6 young (24576K), 1 survivors (4096K)
 Metaspace       used 29866K, capacity 30188K, committed 30640K, reserved 1077248K
  class space    used 3114K, capacity 3228K, committed 3328K, reserved 1048576K
}
Event: 1.298 GC heap after
{Heap after GC invocations=6 (full 0):
 garbage-first heap   total 45056K, used 6472K [0x00000005c0000000, 0x00000007c0000000)
  region size 4096K, 1 young (4096K), 1 survivors (4096K)
 Metaspace       used 29866K, capacity 30188K, committed 30640K, reserved 1077248K
  class space    used 3114K, capacity 3228K, committed 3328K, reserved 1048576K
}
Event: 1.360 GC heap before
{Heap before GC invocations=6 (full 0):
 garbage-first heap   total 45056K, used 22856K [0x00000005c0000000, 0x00000007c0000000)
  region size 4096K, 5 young (20480K), 1 survivors (4096K)
 Metaspace       used 33235K, capacity 33621K, committed 34096K, reserved 1079296K
  class space    used 3480K, capacity 3622K, committed 3712K, reserved 1048576K
}
Event: 1.362 GC heap after
{Heap after GC invocations=7 (full 0):
 garbage-first heap   total 45056K, used 7755K [0x00000005c0000000, 0x00000007c0000000)
  region size 4096K, 1 young (4096K), 1 survivors (4096K)
 Metaspace       used 33235K, capacity 33621K, committed 34096K, reserved 1079296K
  class space    used 3480K, capacity 3622K, committed 3712K, reserved 1048576K
}
Event: 1.423 GC heap before
{Heap before GC invocations=7 (full 0):
 garbage-first heap   total 45056K, used 20043K [0x00000005c0000000, 0x00000007c0000000)
  region size 4096K, 5 young (20480K), 1 survivors (4096K)
 Metaspace       used 35116K, capacity 35502K, committed 35712K, reserved 1081344K
  class space    used 3659K, capacity 3818K, committed 3840K, reserved 1048576K
}
Event: 1.426 GC heap after
{Heap after GC invocations=8 (full 0):
 garbage-first heap   total 45056K, used 9935K [0x00000005c0000000, 0x00000007c0000000)
  region size 4096K, 1 young (4096K), 1 survivors (4096K)
 Metaspace       used 35116K, capacity 35502K, committed 35712K, reserved 1081344K
  class space    used 3659K, capacity 3818K, committed 3840K, reserved 1048576K
}
Event: 1.558 GC heap before
{Heap before GC invocations=9 (full 0):
 garbage-first heap   total 45056K, used 26319K [0x00000005c0000000, 0x00000007c0000000)
  region size 4096K, 5 young (20480K), 1 survivors (4096K)
 Metaspace       used 38787K, capacity 39194K, committed 39744K, reserved 1085440K
  class space    used 4046K, capacity 4213K, committed 4288K, reserved 1048576K
}
Event: 1.561 GC heap after
{Heap after GC invocations=10 (full 0):
 garbage-first heap   total 45056K, used 11776K [0x00000005c0000000, 0x00000007c0000000)
  region size 4096K, 1 young (4096K), 1 survivors (4096K)
 Metaspace       used 38787K, capacity 39194K, committed 39744K, reserved 1085440K
  class space    used 4046K, capacity 4213K, committed 4288K, reserved 1048576K
}
Event: 1.802 GC heap before
{Heap before GC invocations=10 (full 0):
 garbage-first heap   total 45056K, used 24064K [0x00000005c0000000, 0x00000007c0000000)
  region size 4096K, 4 young (16384K), 1 survivors (4096K)
 Metaspace       used 40438K, capacity 40824K, committed 41152K, reserved 1085440K
  class space    used 4180K, capacity 4349K, committed 4416K, reserved 1048576K
}
Event: 1.804 GC heap after
{Heap after GC invocations=11 (full 0):
 garbage-first heap   total 45056K, used 12597K [0x00000005c0000000, 0x00000007c0000000)
  region size 4096K, 1 young (4096K), 1 survivors (4096K)
 Metaspace       used 40438K, capacity 40824K, committed 41152K, reserved 1085440K
  class space    used 4180K, capacity 4349K, committed 4416K, reserved 1048576K
}
Event: 42.373 GC heap before
{Heap before GC invocations=11 (full 0):
 garbage-first heap   total 45056K, used 24885K [0x00000005c0000000, 0x00000007c0000000)
  region size 4096K, 4 young (16384K), 1 survivors (4096K)
 Metaspace       used 41636K, capacity 42133K, committed 42304K, reserved 1087488K
  class space    used 4301K, capacity 4525K, committed 4544K, reserved 1048576K
}
Event: 42.375 GC heap after
{Heap after GC invocations=12 (full 0):
 garbage-first heap   total 45056K, used 13727K [0x00000005c0000000, 0x00000007c0000000)
  region size 4096K, 1 young (4096K), 1 survivors (4096K)
 Metaspace       used 41636K, capacity 42133K, committed 42304K, reserved 1087488K
  class space    used 4301K, capacity 4525K, committed 4544K, reserved 1048576K
}

