# JRE version: OpenJDK Runtime Environment Zulu15.42+15-CA (15.0.8+4) (build 15.0.8+4-MTS)
# Java VM: OpenJDK 64-Bit Server VM Zulu15.42+15-CA (15.0.8+4-MTS, mixed mode, tiered, compressed oops, g1 gc, bsd-aarch64)
GC Precious Log:
 CPUs: 10 total, 10 available
 Memory: 32768M
 Large Page Support: Disabled
 NUMA Support: Disabled
 Compressed Oops: Enabled (Zero based)
 Heap Region Size: 4M
 Heap Min Capacity: 8M
 Heap Initial Capacity: 512M
 Heap Max Capacity: 8G
 Pre-touch: Disabled
 Parallel Workers: 9
 Concurrent Workers: 2
 Concurrent Refinement Workers: 9
 Periodic GC: Disabled
Heap:
 garbage-first heap   total 303104K, used 162165K [0x00000005c0000000, 0x00000007c0000000)
  region size 4096K, 38 young (155648K), 1 survivors (4096K)
 Metaspace       used 44403K, capacity 44937K, committed 45360K, reserved 1089536K
  class space    used 4443K, capacity 4633K, committed 4736K, reserved 1048576K
GC Heap History (20 events):
Event: 0.549 GC heap before
{Heap before GC invocations=1 (full 0):
 garbage-first heap   total 524288K, used 24147K [0x00000005c0000000, 0x00000007c0000000)
  region size 4096K, 7 young (28672K), 1 survivors (4096K)
 Metaspace       used 18441K, capacity 18656K, committed 19072K, reserved 1067008K
  class space    used 1727K, capacity 1799K, committed 1920K, reserved 1048576K
}
Event: 0.552 GC heap after
{Heap after GC invocations=2 (full 0):
 garbage-first heap   total 524288K, used 4653K [0x00000005c0000000, 0x00000007c0000000)
  region size 4096K, 1 young (4096K), 1 survivors (4096K)
 Metaspace       used 18441K, capacity 18656K, committed 19072K, reserved 1067008K
  class space    used 1727K, capacity 1799K, committed 1920K, reserved 1048576K
}
Event: 0.633 GC heap before
{Heap before GC invocations=2 (full 0):
 garbage-first heap   total 524288K, used 12845K [0x00000005c0000000, 0x00000007c0000000)
  region size 4096K, 4 young (16384K), 1 survivors (4096K)
 Metaspace       used 20924K, capacity 21183K, committed 21296K, reserved 1069056K
  class space    used 2079K, capacity 2172K, committed 2176K, reserved 1048576K
}
Event: 0.635 GC heap after
{Heap after GC invocations=3 (full 0):
 garbage-first heap   total 524288K, used 4917K [0x00000005c0000000, 0x00000007c0000000)
  region size 4096K, 1 young (4096K), 1 survivors (4096K)
 Metaspace       used 20924K, capacity 21183K, committed 21296K, reserved 1069056K
  class space    used 2079K, capacity 2172K, committed 2176K, reserved 1048576K
}
Event: 0.797 GC heap before
{Heap before GC invocations=4 (full 0):
 garbage-first heap   total 40960K, used 37685K [0x00000005c0000000, 0x00000007c0000000)
  region size 4096K, 9 young (36864K), 1 survivors (4096K)
 Metaspace       used 26320K, capacity 26659K, committed 26928K, reserved 1073152K
  class space    used 2691K, capacity 2838K, committed 2944K, reserved 1048576K
}
Event: 0.798 GC heap after
{Heap after GC invocations=5 (full 0):
 garbage-first heap   total 45056K, used 5919K [0x00000005c0000000, 0x00000007c0000000)
  region size 4096K, 1 young (4096K), 1 survivors (4096K)
 Metaspace       used 26320K, capacity 26659K, committed 26928K, reserved 1073152K
  class space    used 2691K, capacity 2838K, committed 2944K, reserved 1048576K
}
Event: 0.860 GC heap before
{Heap before GC invocations=5 (full 0):
 garbage-first heap   total 45056K, used 22303K [0x00000005c0000000, 0x00000007c0000000)
  region size 4096K, 6 young (24576K), 1 survivors (4096K)
 Metaspace       used 29702K, capacity 30099K, committed 30384K, reserved 1077248K
  class space    used 3105K, capacity 3259K, committed 3328K, reserved 1048576K
}
Event: 0.862 GC heap after
{Heap after GC invocations=6 (full 0):
 garbage-first heap   total 45056K, used 6543K [0x00000005c0000000, 0x00000007c0000000)
  region size 4096K, 1 young (4096K), 1 survivors (4096K)
 Metaspace       used 29702K, capacity 30099K, committed 30384K, reserved 1077248K
  class space    used 3105K, capacity 3259K, committed 3328K, reserved 1048576K
}
Event: 0.927 GC heap before
{Heap before GC invocations=6 (full 0):
 garbage-first heap   total 45056K, used 22927K [0x00000005c0000000, 0x00000007c0000000)
  region size 4096K, 5 young (20480K), 1 survivors (4096K)
 Metaspace       used 33121K, capacity 33564K, committed 33840K, reserved 1079296K
  class space    used 3461K, capacity 3624K, committed 3712K, reserved 1048576K
}
Event: 0.931 GC heap after
{Heap after GC invocations=7 (full 0):
 garbage-first heap   total 286720K, used 7520K [0x00000005c0000000, 0x00000007c0000000)
  region size 4096K, 1 young (4096K), 1 survivors (4096K)
 Metaspace       used 33121K, capacity 33564K, committed 33840K, reserved 1079296K
  class space    used 3461K, capacity 3624K, committed 3712K, reserved 1048576K
}
Event: 1.017 GC heap before
{Heap before GC invocations=7 (full 0):
 garbage-first heap   total 286720K, used 32096K [0x00000005c0000000, 0x00000007c0000000)
  region size 4096K, 8 young (32768K), 1 survivors (4096K)
 Metaspace       used 35443K, capacity 35885K, committed 36240K, reserved 1081344K
  class space    used 3688K, capacity 3856K, committed 3968K, reserved 1048576K
}
Event: 1.020 GC heap after
{Heap after GC invocations=8 (full 0):
 garbage-first heap   total 286720K, used 10213K [0x00000005c0000000, 0x00000007c0000000)
  region size 4096K, 2 young (8192K), 2 survivors (8192K)
 Metaspace       used 35443K, capacity 35885K, committed 36240K, reserved 1081344K
  class space    used 3688K, capacity 3856K, committed 3968K, reserved 1048576K
}
Event: 1.344 GC heap before
{Heap before GC invocations=9 (full 0):
 garbage-first heap   total 81920K, used 51173K [0x00000005c0000000, 0x00000007c0000000)
  region size 4096K, 12 young (49152K), 2 survivors (8192K)
 Metaspace       used 41111K, capacity 41597K, committed 42032K, reserved 1087488K
  class space    used 4260K, capacity 4452K, committed 4480K, reserved 1048576K
}
Event: 1.348 GC heap after
{Heap after GC invocations=10 (full 0):
 garbage-first heap   total 81920K, used 12040K [0x00000005c0000000, 0x00000007c0000000)
  region size 4096K, 2 young (8192K), 2 survivors (8192K)
 Metaspace       used 41111K, capacity 41597K, committed 42032K, reserved 1087488K
  class space    used 4260K, capacity 4452K, committed 4480K, reserved 1048576K
}
Event: 3.355 GC heap before
{Heap before GC invocations=11 (full 0):
 garbage-first heap   total 81920K, used 48904K [0x00000005c0000000, 0x00000007c0000000)
  region size 4096K, 12 young (49152K), 2 survivors (8192K)
 Metaspace       used 42862K, capacity 43329K, committed 43952K, reserved 1089536K
  class space    used 4333K, capacity 4490K, committed 4608K, reserved 1048576K
}
Event: 3.358 GC heap after
{Heap after GC invocations=12 (full 0):
 garbage-first heap   total 81920K, used 16023K [0x00000005c0000000, 0x00000007c0000000)
  region size 4096K, 2 young (8192K), 2 survivors (8192K)
 Metaspace       used 42862K, capacity 43329K, committed 43952K, reserved 1089536K
  class space    used 4333K, capacity 4490K, committed 4608K, reserved 1048576K
}
Event: 4.282 GC heap before
{Heap before GC invocations=12 (full 0):
 garbage-first heap   total 81920K, used 20119K [0x00000005c0000000, 0x00000007c0000000)
  region size 4096K, 3 young (12288K), 2 survivors (8192K)
 Metaspace       used 43036K, capacity 43546K, committed 43952K, reserved 1089536K
  class space    used 4341K, capacity 4496K, committed 4608K, reserved 1048576K
}
Event: 4.293 GC heap after
{Heap after GC invocations=13 (full 0):
 garbage-first heap   total 81920K, used 13225K [0x00000005c0000000, 0x00000007c0000000)
  region size 4096K, 1 young (4096K), 1 survivors (4096K)
 Metaspace       used 43036K, capacity 43546K, committed 43952K, reserved 1089536K
  class space    used 4341K, capacity 4496K, committed 4608K, reserved 1048576K
}
Event: 6.811 GC heap before
{Heap before GC invocations=13 (full 0):
 garbage-first heap   total 81920K, used 58281K [0x00000005c0000000, 0x00000007c0000000)
  region size 4096K, 12 young (49152K), 1 survivors (4096K)
 Metaspace       used 44369K, capacity 44937K, committed 45360K, reserved 1089536K
  class space    used 4441K, capacity 4633K, committed 4736K, reserved 1048576K
}
Event: 6.813 GC heap after
{Heap after GC invocations=14 (full 0):
 garbage-first heap   total 303104K, used 14709K [0x00000005c0000000, 0x00000007c0000000)
  region size 4096K, 1 young (4096K), 1 survivors (4096K)
 Metaspace       used 44369K, capacity 44937K, committed 45360K, reserved 1089536K
  class space    used 4441K, capacity 4633K, committed 4736K, reserved 1048576K
}

