# JRE version: OpenJDK Runtime Environment Zulu15.42+15-CA (15.0.8+4) (build 15.0.8+4-MTS)
# Java VM: OpenJDK 64-Bit Server VM Zulu15.42+15-CA (15.0.8+4-MTS, mixed mode, tiered, compressed oops, g1 gc, bsd-aarch64)
GC Precious Log:
 CPUs: 10 total, 10 available
 Memory: 32768M
 Large Page Support: Disabled
 NUMA Support: Disabled
 Compressed Oops: Enabled (Zero based)
 Heap Region Size: 4M
 Heap Min Capacity: 8M
 Heap Initial Capacity: 512M
 Heap Max Capacity: 8G
 Pre-touch: Disabled
 Parallel Workers: 9
 Concurrent Workers: 2
 Concurrent Refinement Workers: 9
 Periodic GC: Disabled
Heap:
 garbage-first heap   total 303104K, used 117279K [0x00000005c0000000, 0x00000007c0000000)
  region size 4096K, 27 young (110592K), 1 survivors (4096K)
 Metaspace       used 44563K, capacity 45133K, committed 45504K, reserved 1089536K
  class space    used 4448K, capacity 4634K, committed 4672K, reserved 1048576K
GC Heap History (20 events):
Event: 0.699 GC heap before
{Heap before GC invocations=2 (full 0):
 garbage-first heap   total 524288K, used 12794K [0x00000005c0000000, 0x00000007c0000000)
  region size 4096K, 4 young (16384K), 1 survivors (4096K)
 Metaspace       used 20826K, capacity 21119K, committed 21296K, reserved 1069056K
  class space    used 2067K, capacity 2172K, committed 2176K, reserved 1048576K
}
Event: 0.701 GC heap after
{Heap after GC invocations=3 (full 0):
 garbage-first heap   total 524288K, used 4874K [0x00000005c0000000, 0x00000007c0000000)
  region size 4096K, 1 young (4096K), 1 survivors (4096K)
 Metaspace       used 20826K, capacity 21119K, committed 21296K, reserved 1069056K
  class space    used 2067K, capacity 2172K, committed 2176K, reserved 1048576K
}
Event: 0.840 GC heap before
{Heap before GC invocations=4 (full 0):
 garbage-first heap   total 40960K, used 37642K [0x00000005c0000000, 0x00000007c0000000)
  region size 4096K, 9 young (36864K), 1 survivors (4096K)
 Metaspace       used 25716K, capacity 25984K, committed 26288K, reserved 1073152K
  class space    used 2620K, capacity 2741K, committed 2816K, reserved 1048576K
}
Event: 0.842 GC heap after
{Heap after GC invocations=5 (full 0):
 garbage-first heap   total 45056K, used 5823K [0x00000005c0000000, 0x00000007c0000000)
  region size 4096K, 1 young (4096K), 1 survivors (4096K)
 Metaspace       used 25716K, capacity 25984K, committed 26288K, reserved 1073152K
  class space    used 2620K, capacity 2741K, committed 2816K, reserved 1048576K
}
Event: 0.902 GC heap before
{Heap before GC invocations=5 (full 0):
 garbage-first heap   total 45056K, used 26303K [0x00000005c0000000, 0x00000007c0000000)
  region size 4096K, 6 young (24576K), 1 survivors (4096K)
 Metaspace       used 29033K, capacity 29328K, committed 29488K, reserved 1075200K
  class space    used 3007K, capacity 3130K, committed 3200K, reserved 1048576K
}
Event: 0.904 GC heap after
{Heap after GC invocations=6 (full 0):
 garbage-first heap   total 45056K, used 6455K [0x00000005c0000000, 0x00000007c0000000)
  region size 4096K, 1 young (4096K), 1 survivors (4096K)
 Metaspace       used 29033K, capacity 29328K, committed 29488K, reserved 1075200K
  class space    used 3007K, capacity 3130K, committed 3200K, reserved 1048576K
}
Event: 0.968 GC heap before
{Heap before GC invocations=6 (full 0):
 garbage-first heap   total 45056K, used 22839K [0x00000005c0000000, 0x00000007c0000000)
  region size 4096K, 5 young (20480K), 1 survivors (4096K)
 Metaspace       used 31933K, capacity 32241K, committed 32688K, reserved 1079296K
  class space    used 3341K, capacity 3460K, committed 3584K, reserved 1048576K
}
Event: 0.972 GC heap after
{Heap after GC invocations=7 (full 0):
 garbage-first heap   total 45056K, used 7001K [0x00000005c0000000, 0x00000007c0000000)
  region size 4096K, 1 young (4096K), 1 survivors (4096K)
 Metaspace       used 31933K, capacity 32241K, committed 32688K, reserved 1079296K
  class space    used 3341K, capacity 3460K, committed 3584K, reserved 1048576K
}
Event: 1.039 GC heap before
{Heap before GC invocations=7 (full 0):
 garbage-first heap   total 45056K, used 23385K [0x00000005c0000000, 0x00000007c0000000)
  region size 4096K, 5 young (20480K), 1 survivors (4096K)
 Metaspace       used 34100K, capacity 34584K, committed 34992K, reserved 1081344K
  class space    used 3553K, capacity 3725K, committed 3840K, reserved 1048576K
}
Event: 1.043 GC heap after
{Heap after GC invocations=8 (full 0):
 garbage-first heap   total 286720K, used 9826K [0x00000005c0000000, 0x00000007c0000000)
  region size 4096K, 1 young (4096K), 1 survivors (4096K)
 Metaspace       used 34100K, capacity 34584K, committed 34992K, reserved 1081344K
  class space    used 3553K, capacity 3725K, committed 3840K, reserved 1048576K
}
Event: 1.088 GC heap before
{Heap before GC invocations=8 (full 0):
 garbage-first heap   total 286720K, used 18018K [0x00000005c0000000, 0x00000007c0000000)
  region size 4096K, 4 young (16384K), 1 survivors (4096K)
 Metaspace       used 35129K, capacity 35595K, committed 35968K, reserved 1081344K
  class space    used 3650K, capacity 3824K, committed 3840K, reserved 1048576K
}
Event: 1.092 GC heap after
{Heap after GC invocations=9 (full 0):
 garbage-first heap   total 286720K, used 10412K [0x00000005c0000000, 0x00000007c0000000)
  region size 4096K, 2 young (8192K), 2 survivors (8192K)
 Metaspace       used 35129K, capacity 35595K, committed 35968K, reserved 1081344K
  class space    used 3650K, capacity 3824K, committed 3840K, reserved 1048576K
}
Event: 1.413 GC heap before
{Heap before GC invocations=10 (full 0):
 garbage-first heap   total 81920K, used 51372K [0x00000005c0000000, 0x00000007c0000000)
  region size 4096K, 12 young (49152K), 2 survivors (8192K)
 Metaspace       used 40446K, capacity 40875K, committed 41408K, reserved 1087488K
  class space    used 4200K, capacity 4363K, committed 4416K, reserved 1048576K
}
Event: 1.416 GC heap after
{Heap after GC invocations=11 (full 0):
 garbage-first heap   total 81920K, used 13157K [0x00000005c0000000, 0x00000007c0000000)
  region size 4096K, 2 young (8192K), 2 survivors (8192K)
 Metaspace       used 40446K, capacity 40875K, committed 41408K, reserved 1087488K
  class space    used 4200K, capacity 4363K, committed 4416K, reserved 1048576K
}
Event: 3.234 GC heap before
{Heap before GC invocations=11 (full 0):
 garbage-first heap   total 81920K, used 50021K [0x00000005c0000000, 0x00000007c0000000)
  region size 4096K, 12 young (49152K), 2 survivors (8192K)
 Metaspace       used 42960K, capacity 43413K, committed 43840K, reserved 1089536K
  class space    used 4339K, capacity 4493K, committed 4544K, reserved 1048576K
}
Event: 3.237 GC heap after
{Heap after GC invocations=12 (full 0):
 garbage-first heap   total 81920K, used 17568K [0x00000005c0000000, 0x00000007c0000000)
  region size 4096K, 2 young (8192K), 2 survivors (8192K)
 Metaspace       used 42960K, capacity 43413K, committed 43840K, reserved 1089536K
  class space    used 4339K, capacity 4493K, committed 4544K, reserved 1048576K
}
Event: 6.841 GC heap before
{Heap before GC invocations=12 (full 0):
 garbage-first heap   total 81920K, used 54432K [0x00000005c0000000, 0x00000007c0000000)
  region size 4096K, 12 young (49152K), 2 survivors (8192K)
 Metaspace       used 44511K, capacity 45069K, committed 45248K, reserved 1089536K
  class space    used 4445K, capacity 4634K, committed 4672K, reserved 1048576K
}
Event: 6.845 GC heap after
{Heap after GC invocations=13 (full 0):
 garbage-first heap   total 303104K, used 17429K [0x00000005c0000000, 0x00000007c0000000)
  region size 4096K, 2 young (8192K), 2 survivors (8192K)
 Metaspace       used 44511K, capacity 45069K, committed 45248K, reserved 1089536K
  class space    used 4445K, capacity 4634K, committed 4672K, reserved 1048576K
}
Event: 7.023 GC heap before
{Heap before GC invocations=13 (full 0):
 garbage-first heap   total 303104K, used 189461K [0x00000005c0000000, 0x00000007c0000000)
  region size 4096K, 44 young (180224K), 2 survivors (8192K)
 Metaspace       used 44532K, capacity 45069K, committed 45248K, reserved 1089536K
  class space    used 4445K, capacity 4634K, committed 4672K, reserved 1048576K
}
Event: 7.024 GC heap after
{Heap after GC invocations=14 (full 0):
 garbage-first heap   total 303104K, used 14879K [0x00000005c0000000, 0x00000007c0000000)
  region size 4096K, 1 young (4096K), 1 survivors (4096K)
 Metaspace       used 44532K, capacity 45069K, committed 45248K, reserved 1089536K
  class space    used 4445K, capacity 4634K, committed 4672K, reserved 1048576K
}

