# JRE version: OpenJDK Runtime Environment Zulu15.42+15-CA (15.0.8+4) (build 15.0.8+4-MTS)
# Java VM: OpenJDK 64-Bit Server VM Zulu15.42+15-CA (15.0.8+4-MTS, mixed mode, tiered, compressed oops, g1 gc, bsd-aarch64)
GC Precious Log:
 CPUs: 10 total, 10 available
 Memory: 32768M
 Large Page Support: Disabled
 NUMA Support: Disabled
 Compressed Oops: Enabled (Zero based)
 Heap Region Size: 4M
 Heap Min Capacity: 8M
 Heap Initial Capacity: 512M
 Heap Max Capacity: 8G
 Pre-touch: Disabled
 Parallel Workers: 9
 Concurrent Workers: 2
 Concurrent Refinement Workers: 9
 Periodic GC: Disabled
Heap:
 garbage-first heap   total 81920K, used 21043K [0x00000005c0000000, 0x00000007c0000000)
  region size 4096K, 5 young (20480K), 2 survivors (8192K)
 Metaspace       used 41930K, capacity 42367K, committed 42816K, reserved 1087488K
  class space    used 4302K, capacity 4470K, committed 4544K, reserved 1048576K
GC Heap History (16 events):
Event: 0.397 GC heap before
{Heap before GC invocations=0 (full 0):
 garbage-first heap   total 524288K, used 20480K [0x00000005c0000000, 0x00000007c0000000)
  region size 4096K, 6 young (24576K), 0 survivors (0K)
 Metaspace       used 12439K, capacity 12634K, committed 12800K, reserved 1060864K
  class space    used 1134K, capacity 1200K, committed 1280K, reserved 1048576K
}
Event: 0.399 GC heap after
{Heap after GC invocations=1 (full 0):
 garbage-first heap   total 524288K, used 3664K [0x00000005c0000000, 0x00000007c0000000)
  region size 4096K, 1 young (4096K), 1 survivors (4096K)
 Metaspace       used 12439K, capacity 12634K, committed 12800K, reserved 1060864K
  class space    used 1134K, capacity 1200K, committed 1280K, reserved 1048576K
}
Event: 0.553 GC heap before
{Heap before GC invocations=1 (full 0):
 garbage-first heap   total 524288K, used 24144K [0x00000005c0000000, 0x00000007c0000000)
  region size 4096K, 7 young (28672K), 1 survivors (4096K)
 Metaspace       used 18448K, capacity 18656K, committed 19072K, reserved 1067008K
  class space    used 1728K, capacity 1799K, committed 1920K, reserved 1048576K
}
Event: 0.556 GC heap after
{Heap after GC invocations=2 (full 0):
 garbage-first heap   total 524288K, used 4604K [0x00000005c0000000, 0x00000007c0000000)
  region size 4096K, 1 young (4096K), 1 survivors (4096K)
 Metaspace       used 18448K, capacity 18656K, committed 19072K, reserved 1067008K
  class space    used 1728K, capacity 1799K, committed 1920K, reserved 1048576K
}
Event: 0.648 GC heap before
{Heap before GC invocations=2 (full 0):
 garbage-first heap   total 524288K, used 12796K [0x00000005c0000000, 0x00000007c0000000)
  region size 4096K, 4 young (16384K), 1 survivors (4096K)
 Metaspace       used 20942K, capacity 21183K, committed 21296K, reserved 1069056K
  class space    used 2079K, capacity 2172K, committed 2176K, reserved 1048576K
}
Event: 0.650 GC heap after
{Heap after GC invocations=3 (full 0):
 garbage-first heap   total 524288K, used 4936K [0x00000005c0000000, 0x00000007c0000000)
  region size 4096K, 1 young (4096K), 1 survivors (4096K)
 Metaspace       used 20942K, capacity 21183K, committed 21296K, reserved 1069056K
  class space    used 2079K, capacity 2172K, committed 2176K, reserved 1048576K
}
Event: 0.809 GC heap before
{Heap before GC invocations=4 (full 0):
 garbage-first heap   total 40960K, used 37704K [0x00000005c0000000, 0x00000007c0000000)
  region size 4096K, 9 young (36864K), 1 survivors (4096K)
 Metaspace       used 26085K, capacity 26435K, committed 26608K, reserved 1073152K
  class space    used 2660K, capacity 2805K, committed 2880K, reserved 1048576K
}
Event: 0.811 GC heap after
{Heap after GC invocations=5 (full 0):
 garbage-first heap   total 45056K, used 5925K [0x00000005c0000000, 0x00000007c0000000)
  region size 4096K, 1 young (4096K), 1 survivors (4096K)
 Metaspace       used 26085K, capacity 26435K, committed 26608K, reserved 1073152K
  class space    used 2660K, capacity 2805K, committed 2880K, reserved 1048576K
}
Event: 0.873 GC heap before
{Heap before GC invocations=5 (full 0):
 garbage-first heap   total 45056K, used 26405K [0x00000005c0000000, 0x00000007c0000000)
  region size 4096K, 6 young (24576K), 1 survivors (4096K)
 Metaspace       used 29405K, capacity 29779K, committed 30064K, reserved 1077248K
  class space    used 3055K, capacity 3194K, committed 3264K, reserved 1048576K
}
Event: 0.875 GC heap after
{Heap after GC invocations=6 (full 0):
 garbage-first heap   total 45056K, used 6578K [0x00000005c0000000, 0x00000007c0000000)
  region size 4096K, 1 young (4096K), 1 survivors (4096K)
 Metaspace       used 29405K, capacity 29779K, committed 30064K, reserved 1077248K
  class space    used 3055K, capacity 3194K, committed 3264K, reserved 1048576K
}
Event: 0.978 GC heap before
{Heap before GC invocations=6 (full 0):
 garbage-first heap   total 45056K, used 22962K [0x00000005c0000000, 0x00000007c0000000)
  region size 4096K, 5 young (20480K), 1 survivors (4096K)
 Metaspace       used 32614K, capacity 33072K, committed 33520K, reserved 1079296K
  class space    used 3405K, capacity 3589K, committed 3648K, reserved 1048576K
}
Event: 0.983 GC heap after
{Heap after GC invocations=7 (full 0):
 garbage-first heap   total 286720K, used 7370K [0x00000005c0000000, 0x00000007c0000000)
  region size 4096K, 1 young (4096K), 1 survivors (4096K)
 Metaspace       used 32614K, capacity 33072K, committed 33520K, reserved 1079296K
  class space    used 3405K, capacity 3589K, committed 3648K, reserved 1048576K
}
Event: 1.112 GC heap before
{Heap before GC invocations=7 (full 0):
 garbage-first heap   total 286720K, used 27850K [0x00000005c0000000, 0x00000007c0000000)
  region size 4096K, 7 young (28672K), 1 survivors (4096K)
 Metaspace       used 35242K, capacity 35655K, committed 36032K, reserved 1081344K
  class space    used 3666K, capacity 3822K, committed 3904K, reserved 1048576K
}
Event: 1.117 GC heap after
{Heap after GC invocations=8 (full 0):
 garbage-first heap   total 286720K, used 10231K [0x00000005c0000000, 0x00000007c0000000)
  region size 4096K, 2 young (8192K), 2 survivors (8192K)
 Metaspace       used 35242K, capacity 35655K, committed 36032K, reserved 1081344K
  class space    used 3666K, capacity 3822K, committed 3904K, reserved 1048576K
}
Event: 1.711 GC heap before
{Heap before GC invocations=9 (full 0):
 garbage-first heap   total 98304K, used 55287K [0x00000005c0000000, 0x00000007c0000000)
  region size 4096K, 14 young (57344K), 2 survivors (8192K)
 Metaspace       used 41460K, capacity 41923K, committed 42560K, reserved 1087488K
  class space    used 4263K, capacity 4452K, committed 4544K, reserved 1048576K
}
Event: 1.715 GC heap after
{Heap after GC invocations=10 (full 0):
 garbage-first heap   total 98304K, used 12851K [0x00000005c0000000, 0x00000007c0000000)
  region size 4096K, 2 young (8192K), 2 survivors (8192K)
 Metaspace       used 41460K, capacity 41923K, committed 42560K, reserved 1087488K
  class space    used 4263K, capacity 4452K, committed 4544K, reserved 1048576K
}

