# JRE version: OpenJDK Runtime Environment Zulu15.42+15-CA (15.0.8+4) (build 15.0.8+4-MTS)
# Java VM: OpenJDK 64-Bit Server VM Zulu15.42+15-CA (15.0.8+4-MTS, mixed mode, tiered, compressed oops, g1 gc, bsd-aarch64)
GC Precious Log:
 CPUs: 10 total, 10 available
 Memory: 32768M
 Large Page Support: Disabled
 NUMA Support: Disabled
 Compressed Oops: Enabled (Zero based)
 Heap Region Size: 4M
 Heap Min Capacity: 8M
 Heap Initial Capacity: 512M
 Heap Max Capacity: 8G
 Pre-touch: Disabled
 Parallel Workers: 9
 Concurrent Workers: 2
 Concurrent Refinement Workers: 9
 Periodic GC: Disabled
Heap:
 garbage-first heap   total 98304K, used 21570K [0x00000005c0000000, 0x00000007c0000000)
  region size 4096K, 4 young (16384K), 1 survivors (4096K)
 Metaspace       used 44568K, capacity 45074K, committed 45312K, reserved 1089536K
  class space    used 4459K, capacity 4651K, committed 4672K, reserved 1048576K
GC Heap History (20 events):
Event: 0.705 GC heap before
{Heap before GC invocations=2 (full 0):
 garbage-first heap   total 524288K, used 12838K [0x00000005c0000000, 0x00000007c0000000)
  region size 4096K, 4 young (16384K), 1 survivors (4096K)
 Metaspace       used 21004K, capacity 21247K, committed 21296K, reserved 1069056K
  class space    used 2099K, capacity 2172K, committed 2176K, reserved 1048576K
}
Event: 0.707 GC heap after
{Heap after GC invocations=3 (full 0):
 garbage-first heap   total 524288K, used 4935K [0x00000005c0000000, 0x00000007c0000000)
  region size 4096K, 1 young (4096K), 1 survivors (4096K)
 Metaspace       used 21004K, capacity 21247K, committed 21296K, reserved 1069056K
  class space    used 2099K, capacity 2172K, committed 2176K, reserved 1048576K
}
Event: 0.895 GC heap before
{Heap before GC invocations=4 (full 0):
 garbage-first heap   total 40960K, used 37703K [0x00000005c0000000, 0x00000007c0000000)
  region size 4096K, 9 young (36864K), 1 survivors (4096K)
 Metaspace       used 26099K, capacity 26424K, committed 26624K, reserved 1073152K
  class space    used 2666K, capacity 2803K, committed 2816K, reserved 1048576K
}
Event: 0.897 GC heap after
{Heap after GC invocations=5 (full 0):
 garbage-first heap   total 45056K, used 5926K [0x00000005c0000000, 0x00000007c0000000)
  region size 4096K, 1 young (4096K), 1 survivors (4096K)
 Metaspace       used 26099K, capacity 26424K, committed 26624K, reserved 1073152K
  class space    used 2666K, capacity 2803K, committed 2816K, reserved 1048576K
}
Event: 0.963 GC heap before
{Heap before GC invocations=5 (full 0):
 garbage-first heap   total 45056K, used 22310K [0x00000005c0000000, 0x00000007c0000000)
  region size 4096K, 6 young (24576K), 1 survivors (4096K)
 Metaspace       used 29393K, capacity 29704K, committed 29824K, reserved 1075200K
  class space    used 3060K, capacity 3192K, committed 3200K, reserved 1048576K
}
Event: 0.966 GC heap after
{Heap after GC invocations=6 (full 0):
 garbage-first heap   total 45056K, used 6500K [0x00000005c0000000, 0x00000007c0000000)
  region size 4096K, 1 young (4096K), 1 survivors (4096K)
 Metaspace       used 29393K, capacity 29704K, committed 29824K, reserved 1075200K
  class space    used 3060K, capacity 3192K, committed 3200K, reserved 1048576K
}
Event: 1.034 GC heap before
{Heap before GC invocations=6 (full 0):
 garbage-first heap   total 45056K, used 22884K [0x00000005c0000000, 0x00000007c0000000)
  region size 4096K, 5 young (20480K), 1 survivors (4096K)
 Metaspace       used 32690K, capacity 33125K, committed 33664K, reserved 1079296K
  class space    used 3415K, capacity 3586K, committed 3712K, reserved 1048576K
}
Event: 1.036 GC heap after
{Heap after GC invocations=7 (full 0):
 garbage-first heap   total 286720K, used 7375K [0x00000005c0000000, 0x00000007c0000000)
  region size 4096K, 1 young (4096K), 1 survivors (4096K)
 Metaspace       used 32690K, capacity 33125K, committed 33664K, reserved 1079296K
  class space    used 3415K, capacity 3586K, committed 3712K, reserved 1048576K
}
Event: 1.127 GC heap before
{Heap before GC invocations=7 (full 0):
 garbage-first heap   total 286720K, used 27855K [0x00000005c0000000, 0x00000007c0000000)
  region size 4096K, 7 young (28672K), 1 survivors (4096K)
 Metaspace       used 35384K, capacity 35796K, committed 36032K, reserved 1081344K
  class space    used 3681K, capacity 3823K, committed 3840K, reserved 1048576K
}
Event: 1.130 GC heap after
{Heap after GC invocations=8 (full 0):
 garbage-first heap   total 286720K, used 10351K [0x00000005c0000000, 0x00000007c0000000)
  region size 4096K, 2 young (8192K), 2 survivors (8192K)
 Metaspace       used 35384K, capacity 35796K, committed 36032K, reserved 1081344K
  class space    used 3681K, capacity 3823K, committed 3840K, reserved 1048576K
}
Event: 1.718 GC heap before
{Heap before GC invocations=9 (full 0):
 garbage-first heap   total 98304K, used 55407K [0x00000005c0000000, 0x00000007c0000000)
  region size 4096K, 14 young (57344K), 2 survivors (8192K)
 Metaspace       used 41541K, capacity 42012K, committed 42368K, reserved 1087488K
  class space    used 4274K, capacity 4455K, committed 4544K, reserved 1048576K
}
Event: 1.722 GC heap after
{Heap after GC invocations=10 (full 0):
 garbage-first heap   total 98304K, used 12918K [0x00000005c0000000, 0x00000007c0000000)
  region size 4096K, 2 young (8192K), 2 survivors (8192K)
 Metaspace       used 41541K, capacity 42012K, committed 42368K, reserved 1087488K
  class space    used 4274K, capacity 4455K, committed 4544K, reserved 1048576K
}
Event: 3.914 GC heap before
{Heap before GC invocations=10 (full 0):
 garbage-first heap   total 98304K, used 62070K [0x00000005c0000000, 0x00000007c0000000)
  region size 4096K, 14 young (57344K), 2 survivors (8192K)
 Metaspace       used 44062K, capacity 44513K, committed 44800K, reserved 1089536K
  class space    used 4448K, capacity 4619K, committed 4672K, reserved 1048576K
}
Event: 3.917 GC heap after
{Heap after GC invocations=11 (full 0):
 garbage-first heap   total 98304K, used 16938K [0x00000005c0000000, 0x00000007c0000000)
  region size 4096K, 2 young (8192K), 2 survivors (8192K)
 Metaspace       used 44062K, capacity 44513K, committed 44800K, reserved 1089536K
  class space    used 4448K, capacity 4619K, committed 4672K, reserved 1048576K
}
Event: 5.287 GC heap before
{Heap before GC invocations=11 (full 0):
 garbage-first heap   total 98304K, used 57898K [0x00000005c0000000, 0x00000007c0000000)
  region size 4096K, 13 young (53248K), 2 survivors (8192K)
 Metaspace       used 44560K, capacity 45074K, committed 45312K, reserved 1089536K
  class space    used 4458K, capacity 4651K, committed 4672K, reserved 1048576K
}
Event: 5.290 GC heap after
{Heap after GC invocations=12 (full 0):
 garbage-first heap   total 98304K, used 14054K [0x00000005c0000000, 0x00000007c0000000)
  region size 4096K, 1 young (4096K), 1 survivors (4096K)
 Metaspace       used 44560K, capacity 45074K, committed 45312K, reserved 1089536K
  class space    used 4458K, capacity 4651K, committed 4672K, reserved 1048576K
}
Event: 5.335 GC heap before
{Heap before GC invocations=12 (full 0):
 garbage-first heap   total 98304K, used 67302K [0x00000005c0000000, 0x00000007c0000000)
  region size 4096K, 14 young (57344K), 1 survivors (4096K)
 Metaspace       used 44561K, capacity 45074K, committed 45312K, reserved 1089536K
  class space    used 4458K, capacity 4651K, committed 4672K, reserved 1048576K
}
Event: 5.336 GC heap after
{Heap after GC invocations=13 (full 0):
 garbage-first heap   total 98304K, used 13450K [0x00000005c0000000, 0x00000007c0000000)
  region size 4096K, 1 young (4096K), 1 survivors (4096K)
 Metaspace       used 44561K, capacity 45074K, committed 45312K, reserved 1089536K
  class space    used 4458K, capacity 4651K, committed 4672K, reserved 1048576K
}
Event: 5.360 GC heap before
{Heap before GC invocations=13 (full 0):
 garbage-first heap   total 98304K, used 66698K [0x00000005c0000000, 0x00000007c0000000)
  region size 4096K, 14 young (57344K), 1 survivors (4096K)
 Metaspace       used 44561K, capacity 45074K, committed 45312K, reserved 1089536K
  class space    used 4458K, capacity 4651K, committed 4672K, reserved 1048576K
}
Event: 5.361 GC heap after
{Heap after GC invocations=14 (full 0):
 garbage-first heap   total 98304K, used 13378K [0x00000005c0000000, 0x00000007c0000000)
  region size 4096K, 1 young (4096K), 1 survivors (4096K)
 Metaspace       used 44561K, capacity 45074K, committed 45312K, reserved 1089536K
  class space    used 4458K, capacity 4651K, committed 4672K, reserved 1048576K
}

